<?xml version="1.0" encoding="utf-8"?>
<TestRun id="a0c001dc-77cd-442f-ba0b-378464791540" name="ander@ANDERS 2026-05-05 10:25:37" runUser="ANDERS\ander" xmlns="http://microsoft.com/schemas/VisualStudio/TeamTest/2010">
  <Times creation="2026-05-05T10:25:37.3202317+02:00" queuing="2026-05-05T10:25:37.3202322+02:00" start="2026-05-05T10:25:36.9767682+02:00" finish="2026-05-05T10:25:37.3206085+02:00" />
  <TestSettings name="default" id="6321c91a-b6f1-4090-8895-10ce8b4fecb9">
    <Deployment runDeploymentRoot="ander_ANDERS_2026-05-05_10_25_37" />
  </TestSettings>
  <TestLists>
    <TestList name="Results Not in a List" id="8c84fa94-04c1-424b-9868-57a2d4851a1d" />
    <TestList name="All Loaded Results" id="19431567-8539-422a-85d7-44ee4e166bda" />
  </TestLists>
  <ResultSummary outcome="Completed">
    <Counters total="0" executed="0" passed="0" failed="0" error="0" timeout="0" aborted="0" inconclusive="0" passedButRunAborted="0" notRunnable="0" notExecuted="0" disconnected="0" warning="0" completed="0" inProgress="0" pending="0" />
    <RunInfos>
      <RunInfo computerName="ANDERS" outcome="Warning" timestamp="2026-05-05T10:25:37.2763345+02:00">
        <Text>No test is available in C:\Users\ander\Source\Repos\3.-semester-Projekt-JABLST\Rest_SikkerApi\Rest_SikkerApi\bin\Debug\net9.0\Rest_SikkerApi.dll. Make sure that test discoverer &amp; executors are registered and platform &amp; framework version settings are appropriate and try again.</Text>
      </RunInfo>
    </RunInfos>
  </ResultSummary>
</TestRun>